<?xml version="1.0" encoding="UTF-8"?>
<!-- Generated by org.testng.reporters.JUnitReportReporter -->
<testsuite hostname="DESKTOP-ARQSK1R" failures="0" tests="1" name="com.api.getTest.GetUserTest" time="4.871" errors="0" timestamp="05 Aug 2020 14:50:27 GMT" skipped="0">
  <testcase classname="com.api.getTest.GetUserTest" name="getListUsers" time="4.871"/>
</testsuite> <!-- com.api.getTest.GetUserTest -->
