<?xml version="1.0" encoding="UTF-8"?>
<!-- Generated by org.testng.reporters.JUnitReportReporter -->
<testsuite hostname="DESKTOP-ARQSK1R" failures="0" tests="1" name="com.api.createTest.CreateUserTest" time="4.843" errors="0" timestamp="05 Aug 2020 19:03:18 GMT" skipped="0">
  <testcase classname="com.api.createTest.CreateUserTest" name="createNewUser" time="4.843"/>
</testsuite> <!-- com.api.createTest.CreateUserTest -->
