<?xml version="1.0" encoding="UTF-8"?>
<!-- Generated by org.testng.reporters.JUnitReportReporter -->
<testsuite hostname="DESKTOP-ARQSK1R" failures="0" tests="2" name="com.api.getTest.GetUserTest" time="0.846" errors="0" timestamp="05 Aug 2020 19:03:18 GMT" skipped="0">
  <testcase classname="com.api.getTest.GetUserTest" name="getListUsers" time="0.470"/>
  <testcase classname="com.api.getTest.GetUserTest" name="getListUsers2" time="0.376"/>
</testsuite> <!-- com.api.getTest.GetUserTest -->
